[15/01/2013 17:46:43] foo.html Hoa\Router\Http::addRule(): (-1) Missing argument 2 for Hoa\Router\Http::addRule()in /usr/local/lib/Hoa/Hoa/Router/Http.php at line 266.
[15/01/2013 17:46:51] foo.html Hoa\Router\Http::addRule(): (-1) Missing argument 2 for Hoa\Router\Http::addRule()in /usr/local/lib/Hoa/Hoa/Router/Http.php at line 266.
[16/01/2013 15:14:38] favicon.ico Hoa\Router\Http::route(): (5) Cannot found an appropriated rule to route favicon.ico.in /usr/local/lib/Hoa/Hoa/Router/Http.php at line 495.
[16/01/2013 15:14:38] favicon.ico Hoa\Router\Http::route(): (5) Cannot found an appropriated rule to route favicon.ico.in /usr/local/lib/Hoa/Hoa/Router/Http.php at line 495.
[16/01/2013 15:14:38] favicon.ico Hoa\Router\Http::route(): (5) Cannot found an appropriated rule to route favicon.ico.in /usr/local/lib/Hoa/Hoa/Router/Http.php at line 495.
[16/01/2013 16:06:02]  file_get_contents(): (-1) file_get_contents(hoa://Data/Etc/Contextproduction/context.json): failed to open stream: "\Hoa\Core\Protocol\Wrapper::stream_open" call failedin /var/www/hoathis.net/Data/Library/Hoathis/Context/Context.php at line 19.
[16/01/2013 16:06:03]  file_get_contents(): (-1) file_get_contents(hoa://Data/Etc/Contextproduction/context.json): failed to open stream: "\Hoa\Core\Protocol\Wrapper::stream_open" call failedin /var/www/hoathis.net/Data/Library/Hoathis/Context/Context.php at line 19.
[16/01/2013 16:06:03]  file_get_contents(): (-1) file_get_contents(hoa://Data/Etc/Contextproduction/context.json): failed to open stream: "\Hoa\Core\Protocol\Wrapper::stream_open" call failedin /var/www/hoathis.net/Data/Library/Hoathis/Context/Context.php at line 19.
[16/01/2013 16:06:03]  file_get_contents(): (-1) file_get_contents(hoa://Data/Etc/Contextproduction/context.json): failed to open stream: "\Hoa\Core\Protocol\Wrapper::stream_open" call failedin /var/www/hoathis.net/Data/Library/Hoathis/Context/Context.php at line 19.
[16/01/2013 16:06:03]  file_get_contents(): (-1) file_get_contents(hoa://Data/Etc/Contextproduction/context.json): failed to open stream: "\Hoa\Core\Protocol\Wrapper::stream_open" call failedin /var/www/hoathis.net/Data/Library/Hoathis/Context/Context.php at line 19.
[16/01/2013 16:06:03]  file_get_contents(): (-1) file_get_contents(hoa://Data/Etc/Contextproduction/context.json): failed to open stream: "\Hoa\Core\Protocol\Wrapper::stream_open" call failedin /var/www/hoathis.net/Data/Library/Hoathis/Context/Context.php at line 19.
[16/01/2013 16:06:03]  file_get_contents(): (-1) file_get_contents(hoa://Data/Etc/Contextproduction/context.json): failed to open stream: "\Hoa\Core\Protocol\Wrapper::stream_open" call failedin /var/www/hoathis.net/Data/Library/Hoathis/Context/Context.php at line 19.
[16/01/2013 16:06:04]  file_get_contents(): (-1) file_get_contents(hoa://Data/Etc/Contextproduction/context.json): failed to open stream: "\Hoa\Core\Protocol\Wrapper::stream_open" call failedin /var/www/hoathis.net/Data/Library/Hoathis/Context/Context.php at line 19.
[16/01/2013 16:06:04]  file_get_contents(): (-1) file_get_contents(hoa://Data/Etc/Contextproduction/context.json): failed to open stream: "\Hoa\Core\Protocol\Wrapper::stream_open" call failedin /var/www/hoathis.net/Data/Library/Hoathis/Context/Context.php at line 19.
[16/01/2013 16:06:04]  file_get_contents(): (-1) file_get_contents(hoa://Data/Etc/Contextproduction/context.json): failed to open stream: "\Hoa\Core\Protocol\Wrapper::stream_open" call failedin /var/www/hoathis.net/Data/Library/Hoathis/Context/Context.php at line 19.
[16/01/2013 16:06:04]  file_get_contents(): (-1) file_get_contents(hoa://Data/Etc/Contextproduction/context.json): failed to open stream: "\Hoa\Core\Protocol\Wrapper::stream_open" call failedin /var/www/hoathis.net/Data/Library/Hoathis/Context/Context.php at line 19.
[16/01/2013 16:06:04]  file_get_contents(): (-1) file_get_contents(hoa://Data/Etc/Contextproduction/context.json): failed to open stream: "\Hoa\Core\Protocol\Wrapper::stream_open" call failedin /var/www/hoathis.net/Data/Library/Hoathis/Context/Context.php at line 19.
[16/01/2013 16:06:04]  file_get_contents(): (-1) file_get_contents(hoa://Data/Etc/Contextproduction/context.json): failed to open stream: "\Hoa\Core\Protocol\Wrapper::stream_open" call failedin /var/www/hoathis.net/Data/Library/Hoathis/Context/Context.php at line 19.
[16/01/2013 16:06:05]  file_get_contents(): (-1) file_get_contents(hoa://Data/Etc/Contextproduction/context.json): failed to open stream: "\Hoa\Core\Protocol\Wrapper::stream_open" call failedin /var/www/hoathis.net/Data/Library/Hoathis/Context/Context.php at line 19.
[16/01/2013 16:06:05]  file_get_contents(): (-1) file_get_contents(hoa://Data/Etc/Contextproduction/context.json): failed to open stream: "\Hoa\Core\Protocol\Wrapper::stream_open" call failedin /var/www/hoathis.net/Data/Library/Hoathis/Context/Context.php at line 19.
[16/01/2013 16:06:05]  file_get_contents(): (-1) file_get_contents(hoa://Data/Etc/Contextproduction/context.json): failed to open stream: "\Hoa\Core\Protocol\Wrapper::stream_open" call failedin /var/www/hoathis.net/Data/Library/Hoathis/Context/Context.php at line 19.
[16/01/2013 16:06:05]  file_get_contents(): (-1) file_get_contents(hoa://Data/Etc/Contextproduction/context.json): failed to open stream: "\Hoa\Core\Protocol\Wrapper::stream_open" call failedin /var/www/hoathis.net/Data/Library/Hoathis/Context/Context.php at line 19.
[16/01/2013 16:06:05]  file_get_contents(): (-1) file_get_contents(hoa://Data/Etc/Contextproduction/context.json): failed to open stream: "\Hoa\Core\Protocol\Wrapper::stream_open" call failedin /var/www/hoathis.net/Data/Library/Hoathis/Context/Context.php at line 19.
[16/01/2013 16:06:05]  file_get_contents(): (-1) file_get_contents(hoa://Data/Etc/Contextproduction/context.json): failed to open stream: "\Hoa\Core\Protocol\Wrapper::stream_open" call failedin /var/www/hoathis.net/Data/Library/Hoathis/Context/Context.php at line 19.
[16/01/2013 16:06:06]  file_get_contents(): (-1) file_get_contents(hoa://Data/Etc/Contextproduction/context.json): failed to open stream: "\Hoa\Core\Protocol\Wrapper::stream_open" call failedin /var/www/hoathis.net/Data/Library/Hoathis/Context/Context.php at line 19.
[16/01/2013 16:06:06]  file_get_contents(): (-1) file_get_contents(hoa://Data/Etc/Contextproduction/context.json): failed to open stream: "\Hoa\Core\Protocol\Wrapper::stream_open" call failedin /var/www/hoathis.net/Data/Library/Hoathis/Context/Context.php at line 19.
[16/01/2013 16:06:35]  file_get_contents(): (-1) file_get_contents(hoa://Data/Etc/Contextproduction/context.json): failed to open stream: "\Hoa\Core\Protocol\Wrapper::stream_open" call failedin /var/www/hoathis.net/Data/Library/Hoathis/Context/Context.php at line 20.
[16/01/2013 16:06:35]  file_get_contents(): (-1) file_get_contents(hoa://Data/Etc/Contextproduction/context.json): failed to open stream: "\Hoa\Core\Protocol\Wrapper::stream_open" call failedin /var/www/hoathis.net/Data/Library/Hoathis/Context/Context.php at line 20.
[16/01/2013 16:06:35]  file_get_contents(): (-1) file_get_contents(hoa://Data/Etc/Contextproduction/context.json): failed to open stream: "\Hoa\Core\Protocol\Wrapper::stream_open" call failedin /var/www/hoathis.net/Data/Library/Hoathis/Context/Context.php at line 20.
[16/01/2013 16:06:36]  file_get_contents(): (-1) file_get_contents(hoa://Data/Etc/Contextproduction/context.json): failed to open stream: "\Hoa\Core\Protocol\Wrapper::stream_open" call failedin /var/www/hoathis.net/Data/Library/Hoathis/Context/Context.php at line 20.
[16/01/2013 16:06:36]  file_get_contents(): (-1) file_get_contents(hoa://Data/Etc/Contextproduction/context.json): failed to open stream: "\Hoa\Core\Protocol\Wrapper::stream_open" call failedin /var/www/hoathis.net/Data/Library/Hoathis/Context/Context.php at line 20.
[16/01/2013 16:06:36]  file_get_contents(): (-1) file_get_contents(hoa://Data/Etc/Contextproduction/context.json): failed to open stream: "\Hoa\Core\Protocol\Wrapper::stream_open" call failedin /var/www/hoathis.net/Data/Library/Hoathis/Context/Context.php at line 20.
[16/01/2013 16:06:36]  file_get_contents(): (-1) file_get_contents(hoa://Data/Etc/Contextproduction/context.json): failed to open stream: "\Hoa\Core\Protocol\Wrapper::stream_open" call failedin /var/www/hoathis.net/Data/Library/Hoathis/Context/Context.php at line 20.
[16/01/2013 16:06:36]  file_get_contents(): (-1) file_get_contents(hoa://Data/Etc/Contextproduction/context.json): failed to open stream: "\Hoa\Core\Protocol\Wrapper::stream_open" call failedin /var/www/hoathis.net/Data/Library/Hoathis/Context/Context.php at line 20.
[16/01/2013 16:06:36]  file_get_contents(): (-1) file_get_contents(hoa://Data/Etc/Contextproduction/context.json): failed to open stream: "\Hoa\Core\Protocol\Wrapper::stream_open" call failedin /var/www/hoathis.net/Data/Library/Hoathis/Context/Context.php at line 20.
[16/01/2013 16:06:37]  file_get_contents(): (-1) file_get_contents(hoa://Data/Etc/Contextproduction/context.json): failed to open stream: "\Hoa\Core\Protocol\Wrapper::stream_open" call failedin /var/www/hoathis.net/Data/Library/Hoathis/Context/Context.php at line 20.
[16/01/2013 16:06:37]  file_get_contents(): (-1) file_get_contents(hoa://Data/Etc/Contextproduction/context.json): failed to open stream: "\Hoa\Core\Protocol\Wrapper::stream_open" call failedin /var/www/hoathis.net/Data/Library/Hoathis/Context/Context.php at line 20.
[16/01/2013 16:06:37]  file_get_contents(): (-1) file_get_contents(hoa://Data/Etc/Contextproduction/context.json): failed to open stream: "\Hoa\Core\Protocol\Wrapper::stream_open" call failedin /var/www/hoathis.net/Data/Library/Hoathis/Context/Context.php at line 20.
[16/01/2013 16:06:37]  file_get_contents(): (-1) file_get_contents(hoa://Data/Etc/Contextproduction/context.json): failed to open stream: "\Hoa\Core\Protocol\Wrapper::stream_open" call failedin /var/www/hoathis.net/Data/Library/Hoathis/Context/Context.php at line 20.
[16/01/2013 16:06:37]  file_get_contents(): (-1) file_get_contents(hoa://Data/Etc/Contextproduction/context.json): failed to open stream: "\Hoa\Core\Protocol\Wrapper::stream_open" call failedin /var/www/hoathis.net/Data/Library/Hoathis/Context/Context.php at line 20.
[16/01/2013 16:06:37]  file_get_contents(): (-1) file_get_contents(hoa://Data/Etc/Contextproduction/context.json): failed to open stream: "\Hoa\Core\Protocol\Wrapper::stream_open" call failedin /var/www/hoathis.net/Data/Library/Hoathis/Context/Context.php at line 20.
[16/01/2013 16:06:38]  file_get_contents(): (-1) file_get_contents(hoa://Data/Etc/Contextproduction/context.json): failed to open stream: "\Hoa\Core\Protocol\Wrapper::stream_open" call failedin /var/www/hoathis.net/Data/Library/Hoathis/Context/Context.php at line 20.
[16/01/2013 16:06:38]  file_get_contents(): (-1) file_get_contents(hoa://Data/Etc/Contextproduction/context.json): failed to open stream: "\Hoa\Core\Protocol\Wrapper::stream_open" call failedin /var/www/hoathis.net/Data/Library/Hoathis/Context/Context.php at line 20.
[16/01/2013 16:06:38]  file_get_contents(): (-1) file_get_contents(hoa://Data/Etc/Contextproduction/context.json): failed to open stream: "\Hoa\Core\Protocol\Wrapper::stream_open" call failedin /var/www/hoathis.net/Data/Library/Hoathis/Context/Context.php at line 20.
[16/01/2013 16:06:38]  file_get_contents(): (-1) file_get_contents(hoa://Data/Etc/Contextproduction/context.json): failed to open stream: "\Hoa\Core\Protocol\Wrapper::stream_open" call failedin /var/www/hoathis.net/Data/Library/Hoathis/Context/Context.php at line 20.
[16/01/2013 16:06:38]  file_get_contents(): (-1) file_get_contents(hoa://Data/Etc/Contextproduction/context.json): failed to open stream: "\Hoa\Core\Protocol\Wrapper::stream_open" call failedin /var/www/hoathis.net/Data/Library/Hoathis/Context/Context.php at line 20.
[16/01/2013 16:06:38]  file_get_contents(): (-1) file_get_contents(hoa://Data/Etc/Contextproduction/context.json): failed to open stream: "\Hoa\Core\Protocol\Wrapper::stream_open" call failedin /var/www/hoathis.net/Data/Library/Hoathis/Context/Context.php at line 20.
[16/01/2013 16:14:16] search.html Hoa\Database\AbstractLayer\Pdo\Pdo::__construct(): (1045) SQLSTATE[28000] [1045] Access denied for user 'camael'@'localhost' (using password: YES)in /usr/local/lib/Hoa/Hoa/Database/AbstractLayer/Pdo/Pdo.php at line 107.
[17/01/2013 10:40:44] favicon.ico Hoa\Router\Http::route(): (5) Cannot found an appropriated rule to route favicon.ico.in /usr/local/lib/Hoa/Hoa/Router/Http.php at line 495.
[17/01/2013 10:40:44] favicon.ico Hoa\Router\Http::route(): (5) Cannot found an appropriated rule to route favicon.ico.in /usr/local/lib/Hoa/Hoa/Router/Http.php at line 495.
[17/01/2013 10:40:44] favicon.ico Hoa\Router\Http::route(): (5) Cannot found an appropriated rule to route favicon.ico.in /usr/local/lib/Hoa/Hoa/Router/Http.php at line 495.
[18/01/2013 11:33:57] favicon.ico Hoa\Router\Http::route(): (5) Cannot found an appropriated rule to route favicon.ico.in /usr/local/lib/Hoa/Hoa/Router/Http.php at line 495.
[18/01/2013 11:33:58] favicon.ico Hoa\Router\Http::route(): (5) Cannot found an appropriated rule to route favicon.ico.in /usr/local/lib/Hoa/Hoa/Router/Http.php at line 495.
[18/01/2013 11:33:58] favicon.ico Hoa\Router\Http::route(): (5) Cannot found an appropriated rule to route favicon.ico.in /usr/local/lib/Hoa/Hoa/Router/Http.php at line 495.
[18/01/2013 13:44:57]  file_get_contents(): (-1) file_get_contents(hoa://Data/Etc/Context/production/context.json): failed to open stream: "\Hoa\Core\Protocol\Wrapper::stream_open" call failedin /var/www/hoathis.net/Data/Library/Hoathis/Context/Context.php at line 17.
[18/01/2013 13:44:57]  file_get_contents(): (-1) file_get_contents(hoa://Data/Etc/Context/production/context.json): failed to open stream: "\Hoa\Core\Protocol\Wrapper::stream_open" call failedin /var/www/hoathis.net/Data/Library/Hoathis/Context/Context.php at line 17.
[18/01/2013 13:44:58]  file_get_contents(): (-1) file_get_contents(hoa://Data/Etc/Context/production/context.json): failed to open stream: "\Hoa\Core\Protocol\Wrapper::stream_open" call failedin /var/www/hoathis.net/Data/Library/Hoathis/Context/Context.php at line 17.
[18/01/2013 13:44:58]  file_get_contents(): (-1) file_get_contents(hoa://Data/Etc/Context/production/context.json): failed to open stream: "\Hoa\Core\Protocol\Wrapper::stream_open" call failedin /var/www/hoathis.net/Data/Library/Hoathis/Context/Context.php at line 17.
[18/01/2013 13:44:58]  file_get_contents(): (-1) file_get_contents(hoa://Data/Etc/Context/production/context.json): failed to open stream: "\Hoa\Core\Protocol\Wrapper::stream_open" call failedin /var/www/hoathis.net/Data/Library/Hoathis/Context/Context.php at line 17.
[18/01/2013 13:44:58]  file_get_contents(): (-1) file_get_contents(hoa://Data/Etc/Context/production/context.json): failed to open stream: "\Hoa\Core\Protocol\Wrapper::stream_open" call failedin /var/www/hoathis.net/Data/Library/Hoathis/Context/Context.php at line 17.
[18/01/2013 13:44:58]  file_get_contents(): (-1) file_get_contents(hoa://Data/Etc/Context/production/context.json): failed to open stream: "\Hoa\Core\Protocol\Wrapper::stream_open" call failedin /var/www/hoathis.net/Data/Library/Hoathis/Context/Context.php at line 17.
[18/01/2013 13:44:59]  file_get_contents(): (-1) file_get_contents(hoa://Data/Etc/Context/production/context.json): failed to open stream: "\Hoa\Core\Protocol\Wrapper::stream_open" call failedin /var/www/hoathis.net/Data/Library/Hoathis/Context/Context.php at line 17.
[18/01/2013 13:44:59]  file_get_contents(): (-1) file_get_contents(hoa://Data/Etc/Context/production/context.json): failed to open stream: "\Hoa\Core\Protocol\Wrapper::stream_open" call failedin /var/www/hoathis.net/Data/Library/Hoathis/Context/Context.php at line 17.
[18/01/2013 13:44:59]  file_get_contents(): (-1) file_get_contents(hoa://Data/Etc/Context/production/context.json): failed to open stream: "\Hoa\Core\Protocol\Wrapper::stream_open" call failedin /var/www/hoathis.net/Data/Library/Hoathis/Context/Context.php at line 17.
[18/01/2013 13:44:59]  file_get_contents(): (-1) file_get_contents(hoa://Data/Etc/Context/production/context.json): failed to open stream: "\Hoa\Core\Protocol\Wrapper::stream_open" call failedin /var/www/hoathis.net/Data/Library/Hoathis/Context/Context.php at line 17.
[18/01/2013 13:44:59]  file_get_contents(): (-1) file_get_contents(hoa://Data/Etc/Context/production/context.json): failed to open stream: "\Hoa\Core\Protocol\Wrapper::stream_open" call failedin /var/www/hoathis.net/Data/Library/Hoathis/Context/Context.php at line 17.
[18/01/2013 13:44:59]  file_get_contents(): (-1) file_get_contents(hoa://Data/Etc/Context/production/context.json): failed to open stream: "\Hoa\Core\Protocol\Wrapper::stream_open" call failedin /var/www/hoathis.net/Data/Library/Hoathis/Context/Context.php at line 17.
[18/01/2013 13:45:00]  file_get_contents(): (-1) file_get_contents(hoa://Data/Etc/Context/production/context.json): failed to open stream: "\Hoa\Core\Protocol\Wrapper::stream_open" call failedin /var/www/hoathis.net/Data/Library/Hoathis/Context/Context.php at line 17.
[18/01/2013 13:45:00]  file_get_contents(): (-1) file_get_contents(hoa://Data/Etc/Context/production/context.json): failed to open stream: "\Hoa\Core\Protocol\Wrapper::stream_open" call failedin /var/www/hoathis.net/Data/Library/Hoathis/Context/Context.php at line 17.
[18/01/2013 13:45:00]  file_get_contents(): (-1) file_get_contents(hoa://Data/Etc/Context/production/context.json): failed to open stream: "\Hoa\Core\Protocol\Wrapper::stream_open" call failedin /var/www/hoathis.net/Data/Library/Hoathis/Context/Context.php at line 17.
[18/01/2013 13:45:00]  file_get_contents(): (-1) file_get_contents(hoa://Data/Etc/Context/production/context.json): failed to open stream: "\Hoa\Core\Protocol\Wrapper::stream_open" call failedin /var/www/hoathis.net/Data/Library/Hoathis/Context/Context.php at line 17.
[18/01/2013 13:45:00]  file_get_contents(): (-1) file_get_contents(hoa://Data/Etc/Context/production/context.json): failed to open stream: "\Hoa\Core\Protocol\Wrapper::stream_open" call failedin /var/www/hoathis.net/Data/Library/Hoathis/Context/Context.php at line 17.
[18/01/2013 13:45:00]  file_get_contents(): (-1) file_get_contents(hoa://Data/Etc/Context/production/context.json): failed to open stream: "\Hoa\Core\Protocol\Wrapper::stream_open" call failedin /var/www/hoathis.net/Data/Library/Hoathis/Context/Context.php at line 17.
[18/01/2013 13:45:01]  file_get_contents(): (-1) file_get_contents(hoa://Data/Etc/Context/production/context.json): failed to open stream: "\Hoa\Core\Protocol\Wrapper::stream_open" call failedin /var/www/hoathis.net/Data/Library/Hoathis/Context/Context.php at line 17.
[18/01/2013 13:45:01]  file_get_contents(): (-1) file_get_contents(hoa://Data/Etc/Context/production/context.json): failed to open stream: "\Hoa\Core\Protocol\Wrapper::stream_open" call failedin /var/www/hoathis.net/Data/Library/Hoathis/Context/Context.php at line 17.
[18/01/2013 14:40:13]  {main}: (-1) Undefined property: Hoathis\Context\Context::$mysql_userin /var/www/hoathis.net/Application/Public/index.php at line 43.
[18/01/2013 14:40:13]  {main}: (-1) Undefined property: Hoathis\Context\Context::$mysql_userin /var/www/hoathis.net/Application/Public/index.php at line 43.
[18/01/2013 14:40:14]  {main}: (-1) Undefined property: Hoathis\Context\Context::$mysql_userin /var/www/hoathis.net/Application/Public/index.php at line 43.
[18/01/2013 14:40:14]  {main}: (-1) Undefined property: Hoathis\Context\Context::$mysql_userin /var/www/hoathis.net/Application/Public/index.php at line 43.
[18/01/2013 14:40:14]  {main}: (-1) Undefined property: Hoathis\Context\Context::$mysql_userin /var/www/hoathis.net/Application/Public/index.php at line 43.
[18/01/2013 14:40:14]  {main}: (-1) Undefined property: Hoathis\Context\Context::$mysql_userin /var/www/hoathis.net/Application/Public/index.php at line 43.
[18/01/2013 14:40:14]  {main}: (-1) Undefined property: Hoathis\Context\Context::$mysql_userin /var/www/hoathis.net/Application/Public/index.php at line 43.
[18/01/2013 14:40:14]  {main}: (-1) Undefined property: Hoathis\Context\Context::$mysql_userin /var/www/hoathis.net/Application/Public/index.php at line 43.
[18/01/2013 14:40:15]  {main}: (-1) Undefined property: Hoathis\Context\Context::$mysql_userin /var/www/hoathis.net/Application/Public/index.php at line 43.
[18/01/2013 14:40:15]  {main}: (-1) Undefined property: Hoathis\Context\Context::$mysql_userin /var/www/hoathis.net/Application/Public/index.php at line 43.
[18/01/2013 14:40:15]  {main}: (-1) Undefined property: Hoathis\Context\Context::$mysql_userin /var/www/hoathis.net/Application/Public/index.php at line 43.
[18/01/2013 14:40:15]  {main}: (-1) Undefined property: Hoathis\Context\Context::$mysql_userin /var/www/hoathis.net/Application/Public/index.php at line 43.
[18/01/2013 14:40:15]  {main}: (-1) Undefined property: Hoathis\Context\Context::$mysql_userin /var/www/hoathis.net/Application/Public/index.php at line 43.
[18/01/2013 14:40:16]  {main}: (-1) Undefined property: Hoathis\Context\Context::$mysql_userin /var/www/hoathis.net/Application/Public/index.php at line 43.
[18/01/2013 14:40:16]  {main}: (-1) Undefined property: Hoathis\Context\Context::$mysql_userin /var/www/hoathis.net/Application/Public/index.php at line 43.
[18/01/2013 14:40:16]  {main}: (-1) Undefined property: Hoathis\Context\Context::$mysql_userin /var/www/hoathis.net/Application/Public/index.php at line 43.
[18/01/2013 14:40:16]  {main}: (-1) Undefined property: Hoathis\Context\Context::$mysql_userin /var/www/hoathis.net/Application/Public/index.php at line 43.
[18/01/2013 14:40:16]  {main}: (-1) Undefined property: Hoathis\Context\Context::$mysql_userin /var/www/hoathis.net/Application/Public/index.php at line 43.
[18/01/2013 14:40:16]  {main}: (-1) Undefined property: Hoathis\Context\Context::$mysql_userin /var/www/hoathis.net/Application/Public/index.php at line 43.
[18/01/2013 14:40:17]  {main}: (-1) Undefined property: Hoathis\Context\Context::$mysql_userin /var/www/hoathis.net/Application/Public/index.php at line 43.
[18/01/2013 14:40:17]  {main}: (-1) Undefined property: Hoathis\Context\Context::$mysql_userin /var/www/hoathis.net/Application/Public/index.php at line 43.
[25/01/2013 12:56:52] favicon.ico Hoa\Router\Http::route(): (5) Cannot found an appropriated rule to route favicon.ico.in /usr/local/lib/Hoa/Hoa/Router/Http.php at line 495.
[25/01/2013 12:56:52] favicon.ico Hoa\Router\Http::route(): (5) Cannot found an appropriated rule to route favicon.ico.in /usr/local/lib/Hoa/Hoa/Router/Http.php at line 495.
[25/01/2013 12:56:53] favicon.ico Hoa\Router\Http::route(): (5) Cannot found an appropriated rule to route favicon.ico.in /usr/local/lib/Hoa/Hoa/Router/Http.php at line 495.
[25/01/2013 12:56:53] favicon.ico Hoa\Router\Http::route(): (5) Cannot found an appropriated rule to route favicon.ico.in /usr/local/lib/Hoa/Hoa/Router/Http.php at line 495.
[28/01/2013 10:15:43] favicon.ico Hoa\Router\Http::route(): (5) Cannot found an appropriated rule to route favicon.ico.in /usr/local/lib/Hoa/Hoa/Router/Http.php at line 495.
[28/01/2013 10:15:43] favicon.ico Hoa\Router\Http::route(): (5) Cannot found an appropriated rule to route favicon.ico.in /usr/local/lib/Hoa/Hoa/Router/Http.php at line 495.
[28/01/2013 10:15:43] favicon.ico Hoa\Router\Http::route(): (5) Cannot found an appropriated rule to route favicon.ico.in /usr/local/lib/Hoa/Hoa/Router/Http.php at line 495.
[31/01/2013 15:39:12] favicon.ico Hoa\Router\Http::route(): (5) Cannot found an appropriated rule to route favicon.ico.in /usr/local/lib/Hoa/Hoa/Router/Http.php at line 495.
[31/01/2013 15:39:12] favicon.ico Hoa\Router\Http::route(): (5) Cannot found an appropriated rule to route favicon.ico.in /usr/local/lib/Hoa/Hoa/Router/Http.php at line 495.
[31/01/2013 15:39:12] favicon.ico Hoa\Router\Http::route(): (5) Cannot found an appropriated rule to route favicon.ico.in /usr/local/lib/Hoa/Hoa/Router/Http.php at line 495.
